UTILS_INFO==> 
UTILS_INFO==> Extrating synchrony features

UTILS_INFO==> Making headers...

UTILS_INFO==> Starting to get features...
UTILS_INFO==> Working on json file: 11392103.json... remaning files: 528
UTILS_INFO==> Working on json file: 12302205.json... remaning files: 527
UTILS_INFO==> Working on json file: 11242101.json... remaning files: 526
UTILS_INFO==> Working on json file: 12242214.json... remaning files: 525
UTILS_INFO==> Working on json file: 12352213.json... remaning files: 524
UTILS_INFO==> Working on json file: 11342120.json... remaning files: 523
UTILS_INFO==> Working on json file: 12362211.json... remaning files: 522
UTILS_INFO==> Working on json file: 12282201.json... remaning files: 521
UTILS_INFO==> Working on json file: 12372214.json... remaning files: 520
UTILS_INFO==> Working on json file: 11362116.json... remaning files: 519
UTILS_INFO==> Working on json file: 11242113.json... remaning files: 518
UTILS_INFO==> Working on json file: 11402106.json... remaning files: 517
UTILS_INFO==> Working on json file: 11212117.json... remaning files: 516
UTILS_INFO==> Working on json file: 13122327.json... remaning files: 515
UTILS_INFO==> Working on json file: 11232117.json... remaning files: 514
UTILS_INFO==> Working on json file: 11212118.json... remaning files: 513
UTILS_INFO==> Working on json file: 11282109.json... remaning files: 512
UTILS_INFO==> Working on json file: 11322118.json... remaning files: 511
UTILS_INFO==> Working on json file: 12242216.json... remaning files: 510
UTILS_INFO==> Working on json file: 12222216.json... remaning files: 509
UTILS_INFO==> Working on json file: 13062322.json... remaning files: 508
UTILS_INFO==> Working on json file: 13082322.json... remaning files: 507
UTILS_INFO==> Working on json file: 11402115.json... remaning files: 506
UTILS_INFO==> Working on json file: 13142326.json... remaning files: 505
UTILS_INFO==> Working on json file: 13052335.json... remaning files: 504
UTILS_INFO==> Working on json file: 11392111.json... remaning files: 503
UTILS_INFO==> Working on json file: 12232211.json... remaning files: 502
UTILS_INFO==> Working on json file: 13132323.json... remaning files: 501
UTILS_INFO==> Working on json file: 11342119.json... remaning files: 500
UTILS_INFO==> Working on json file: 12292215.json... remaning files: 499
UTILS_INFO==> Working on json file: 11362120.json... remaning files: 498
UTILS_INFO==> Working on json file: 12372209.json... remaning files: 497
UTILS_INFO==> Working on json file: 12372210.json... remaning files: 496
UTILS_INFO==> Working on json file: 12312212.json... remaning files: 495
UTILS_INFO==> Working on json file: 13032336.json... remaning files: 494
UTILS_INFO==> Working on json file: 11362118.json... remaning files: 493
UTILS_INFO==> Working on json file: 11362112.json... remaning files: 492
UTILS_INFO==> Working on json file: 11232102.json... remaning files: 491
UTILS_INFO==> Working on json file: 13132337.json... remaning files: 490
UTILS_INFO==> Working on json file: 13092322.json... remaning files: 489
UTILS_INFO==> Working on json file: 11212109.json... remaning files: 488
UTILS_INFO==> Working on json file: 12302209.json... remaning files: 487
UTILS_INFO==> Working on json file: 12302215.json... remaning files: 486
UTILS_INFO==> Working on json file: 13042335.json... remaning files: 485
UTILS_INFO==> Working on json file: 12262204.json... remaning files: 484
UTILS_INFO==> Working on json file: 13072323.json... remaning files: 483
UTILS_INFO==> Working on json file: 13122336.json... remaning files: 482
UTILS_INFO==> Working on json file: 11372117.json... remaning files: 481
UTILS_INFO==> Working on json file: 12242202.json... remaning files: 480
UTILS_INFO==> Working on json file: 11352118.json... remaning files: 479
UTILS_INFO==> Working on json file: 12332207.json... remaning files: 478
UTILS_INFO==> Working on json file: 11352109.json... remaning files: 477
UTILS_INFO==> Working on json file: 11312119.json... remaning files: 476
UTILS_INFO==> Working on json file: 11372106.json... remaning files: 475
UTILS_INFO==> Working on json file: 11212103.json... remaning files: 474
UTILS_INFO==> Working on json file: 11282108.json... remaning files: 473
UTILS_INFO==> Working on json file: 12232212.json... remaning files: 472
UTILS_INFO==> Working on json file: 13112322.json... remaning files: 471
UTILS_INFO==> Working on json file: 12302210.json... remaning files: 470
UTILS_INFO==> Working on json file: 11242117.json... remaning files: 469
UTILS_INFO==> Working on json file: 12292208.json... remaning files: 468
UTILS_INFO==> Working on json file: 13072321.json... remaning files: 467
UTILS_INFO==> Working on json file: 12332209.json... remaning files: 466
UTILS_INFO==> Working on json file: 11232115.json... remaning files: 465
UTILS_INFO==> Working on json file: 12332210.json... remaning files: 464
UTILS_INFO==> Working on json file: 12332211.json... remaning files: 463
UTILS_INFO==> Working on json file: 12272216.json... remaning files: 462
UTILS_INFO==> Working on json file: 12362208.json... remaning files: 461
UTILS_INFO==> Working on json file: 11372119.json... remaning files: 460
UTILS_INFO==> Working on json file: 12212213.json... remaning files: 459
UTILS_INFO==> Working on json file: 13032322.json... remaning files: 458
UTILS_INFO==> Working on json file: 12312207.json... remaning files: 457
UTILS_INFO==> Working on json file: 12322213.json... remaning files: 456
UTILS_INFO==> Working on json file: 11322106.json... remaning files: 455
UTILS_INFO==> Working on json file: 12302207.json... remaning files: 454
UTILS_INFO==> Working on json file: 13122337.json... remaning files: 453
UTILS_INFO==> Working on json file: 11242118.json... remaning files: 452
UTILS_INFO==> Working on json file: 13072325.json... remaning files: 451
UTILS_INFO==> Working on json file: 13092321.json... remaning files: 450
UTILS_INFO==> Working on json file: 13142325.json... remaning files: 449
UTILS_INFO==> Working on json file: 11362102.json... remaning files: 448
UTILS_INFO==> Working on json file: 11322102.json... remaning files: 447
UTILS_INFO==> Working on json file: 12332201.json... remaning files: 446
UTILS_INFO==> Working on json file: 12282216.json... remaning files: 445
UTILS_INFO==> Working on json file: 11222102.json... remaning files: 444
UTILS_INFO==> Working on json file: 12362207.json... remaning files: 443
UTILS_INFO==> Working on json file: 13052322.json... remaning files: 442
UTILS_INFO==> Working on json file: 13012327.json... remaning files: 441
UTILS_INFO==> Working on json file: 12282205.json... remaning files: 440
UTILS_INFO==> Working on json file: 12242212.json... remaning files: 439
UTILS_INFO==> Working on json file: 13092320.json... remaning files: 438
UTILS_INFO==> Working on json file: 13042331.json... remaning files: 437
UTILS_INFO==> Working on json file: 13152323.json... remaning files: 436
UTILS_INFO==> Working on json file: 11322112.json... remaning files: 435
UTILS_INFO==> Working on json file: 13052326.json... remaning files: 434
UTILS_INFO==> Working on json file: 11222116.json... remaning files: 433
UTILS_INFO==> Working on json file: 11312115.json... remaning files: 432
UTILS_INFO==> Working on json file: 11342101.json... remaning files: 431
UTILS_INFO==> Working on json file: 13122325.json... remaning files: 430
UTILS_INFO==> Working on json file: 11372114.json... remaning files: 429
UTILS_INFO==> Working on json file: 12282213.json... remaning files: 428
UTILS_INFO==> Working on json file: 13142337.json... remaning files: 427
UTILS_INFO==> Working on json file: 13042323.json... remaning files: 426
UTILS_INFO==> Working on json file: 12262211.json... remaning files: 425
UTILS_INFO==> Working on json file: 11342114.json... remaning files: 424
UTILS_INFO==> Working on json file: 11312108.json... remaning files: 423
UTILS_INFO==> Working on json file: 13112323.json... remaning files: 422
UTILS_INFO==> Working on json file: 11252111.json... remaning files: 421
UTILS_INFO==> Working on json file: 11232106.json... remaning files: 420
UTILS_INFO==> Working on json file: 13032327.json... remaning files: 419
UTILS_INFO==> Working on json file: 13012337.json... remaning files: 418
UTILS_INFO==> Working on json file: 12222206.json... remaning files: 417
UTILS_INFO==> Working on json file: 13042322.json... remaning files: 416
UTILS_INFO==> Working on json file: 11222109.json... remaning files: 415
UTILS_INFO==> Working on json file: 13152329.json... remaning files: 414
UTILS_INFO==> Working on json file: 12372212.json... remaning files: 413
UTILS_INFO==> Working on json file: 11232101.json... remaning files: 412
UTILS_INFO==> Working on json file: 11282120.json... remaning files: 411
UTILS_INFO==> Working on json file: 13032321.json... remaning files: 410
UTILS_INFO==> Working on json file: 11282103.json... remaning files: 409
UTILS_INFO==> Working on json file: 11352108.json... remaning files: 408
UTILS_INFO==> Working on json file: 13042337.json... remaning files: 407
UTILS_INFO==> Working on json file: 13012324.json... remaning files: 406
UTILS_INFO==> Working on json file: 11252114.json... remaning files: 405
UTILS_INFO==> Working on json file: 11362113.json... remaning files: 404
UTILS_INFO==> Working on json file: 13152327.json... remaning files: 403
UTILS_INFO==> Working on json file: 12272211.json... remaning files: 402
UTILS_INFO==> Working on json file: 11372120.json... remaning files: 401
UTILS_INFO==> Working on json file: 13092335.json... remaning files: 400
UTILS_INFO==> Working on json file: 12212202.json... remaning files: 399
UTILS_INFO==> Working on json file: 13012322.json... remaning files: 398
UTILS_INFO==> Working on json file: 12372216.json... remaning files: 397
UTILS_INFO==> Working on json file: 11252117.json... remaning files: 396
UTILS_INFO==> Working on json file: 13022327.json... remaning files: 395
UTILS_INFO==> Working on json file: 11222115.json... remaning files: 394
UTILS_INFO==> Working on json file: 11362115.json... remaning files: 393
UTILS_INFO==> Working on json file: 13102320.json... remaning files: 392
UTILS_INFO==> Working on json file: 13022320.json... remaning files: 391
UTILS_INFO==> Working on json file: 13072326.json... remaning files: 390
UTILS_INFO==> Working on json file: 11402117.json... remaning files: 389
UTILS_INFO==> Working on json file: 12362213.json... remaning files: 388
UTILS_INFO==> Working on json file: 11252118.json... remaning files: 387
UTILS_INFO==> Working on json file: 11322119.json... remaning files: 386
UTILS_INFO==> Working on json file: 11212114.json... remaning files: 385
UTILS_INFO==> Working on json file: 12222211.json... remaning files: 384
UTILS_INFO==> Working on json file: 11252101.json... remaning files: 383
UTILS_INFO==> Working on json file: 11242116.json... remaning files: 382
UTILS_INFO==> Working on json file: 13132324.json... remaning files: 381
UTILS_INFO==> Working on json file: 11232114.json... remaning files: 380
UTILS_INFO==> Working on json file: 11242103.json... remaning files: 379
UTILS_INFO==> Working on json file: 12222209.json... remaning files: 378
UTILS_INFO==> Working on json file: 13012326.json... remaning files: 377
UTILS_INFO==> Working on json file: 13142320.json... remaning files: 376
UTILS_INFO==> Working on json file: 11322116.json... remaning files: 375
UTILS_INFO==> Working on json file: 12242204.json... remaning files: 374
UTILS_INFO==> Working on json file: 11352106.json... remaning files: 373
UTILS_INFO==> Working on json file: 13072324.json... remaning files: 372
UTILS_INFO==> Working on json file: 11402120.json... remaning files: 371
UTILS_INFO==> Working on json file: 12272215.json... remaning files: 370
UTILS_INFO==> Working on json file: 13052337.json... remaning files: 369
UTILS_INFO==> Working on json file: 13062327.json... remaning files: 368
UTILS_INFO==> Working on json file: 13142327.json... remaning files: 367
UTILS_INFO==> Working on json file: 11232109.json... remaning files: 366
UTILS_INFO==> Working on json file: 11262114.json... remaning files: 365
UTILS_INFO==> Working on json file: 11372118.json... remaning files: 364
UTILS_INFO==> Working on json file: 13152336.json... remaning files: 363
UTILS_INFO==> Working on json file: 12222204.json... remaning files: 362
UTILS_INFO==> Working on json file: 12372215.json... remaning files: 361
UTILS_INFO==> Working on json file: 13022324.json... remaning files: 360
UTILS_INFO==> Working on json file: 11392108.json... remaning files: 359
UTILS_INFO==> Working on json file: 13072322.json... remaning files: 358
UTILS_INFO==> Working on json file: 12212206.json... remaning files: 357
UTILS_INFO==> Working on json file: 11232120.json... remaning files: 356
UTILS_INFO==> Working on json file: 11372102.json... remaning files: 355
UTILS_INFO==> Working on json file: 11342108.json... remaning files: 354
UTILS_INFO==> Working on json file: 12362204.json... remaning files: 353
UTILS_INFO==> Working on json file: 11402111.json... remaning files: 352
UTILS_INFO==> Working on json file: 11322120.json... remaning files: 351
UTILS_INFO==> Working on json file: 12372213.json... remaning files: 350
UTILS_INFO==> Working on json file: 13142328.json... remaning files: 349
UTILS_INFO==> Working on json file: 13122323.json... remaning files: 348
UTILS_INFO==> Working on json file: 13152322.json... remaning files: 347
UTILS_INFO==> Working on json file: 11392106.json... remaning files: 346
UTILS_INFO==> Working on json file: 12302216.json... remaning files: 345
UTILS_INFO==> Working on json file: 12212209.json... remaning files: 344
UTILS_INFO==> Working on json file: 11352111.json... remaning files: 343
UTILS_INFO==> Working on json file: 12242210.json... remaning files: 342
UTILS_INFO==> Working on json file: 11402114.json... remaning files: 341
UTILS_INFO==> Working on json file: 11282117.json... remaning files: 340
UTILS_INFO==> Working on json file: 12222201.json... remaning files: 339
UTILS_INFO==> Working on json file: 12282214.json... remaning files: 338
UTILS_INFO==> Working on json file: 11382108.json... remaning files: 337
UTILS_INFO==> Working on json file: 12352215.json... remaning files: 336
UTILS_INFO==> Working on json file: 11212112.json... remaning files: 335
UTILS_INFO==> Working on json file: 11242112.json... remaning files: 334
UTILS_INFO==> Working on json file: 11262103.json... remaning files: 333
UTILS_INFO==> Working on json file: 12362210.json... remaning files: 332
UTILS_INFO==> Working on json file: 12312210.json... remaning files: 331
UTILS_INFO==> Working on json file: 11282102.json... remaning files: 330
UTILS_INFO==> Working on json file: 13072336.json... remaning files: 329
UTILS_INFO==> Working on json file: 12332213.json... remaning files: 328
UTILS_INFO==> Working on json file: 11232108.json... remaning files: 327
UTILS_INFO==> Working on json file: 13032326.json... remaning files: 326
UTILS_INFO==> Working on json file: 13102324.json... remaning files: 325
UTILS_INFO==> Working on json file: 12322216.json... remaning files: 324
UTILS_INFO==> Working on json file: 11232118.json... remaning files: 323
UTILS_INFO==> Working on json file: 13072327.json... remaning files: 322
UTILS_INFO==> Working on json file: 11312120.json... remaning files: 321
UTILS_INFO==> Working on json file: 12312214.json... remaning files: 320
UTILS_INFO==> Working on json file: 11312106.json... remaning files: 319
UTILS_INFO==> Working on json file: 11312111.json... remaning files: 318
UTILS_INFO==> Working on json file: 11402103.json... remaning files: 317
UTILS_INFO==> Working on json file: 12322210.json... remaning files: 316
UTILS_INFO==> Working on json file: 11372113.json... remaning files: 315
UTILS_INFO==> Working on json file: 12352207.json... remaning files: 314
UTILS_INFO==> Working on json file: 13012320.json... remaning files: 313
UTILS_INFO==> Working on json file: 11252102.json... remaning files: 312
UTILS_INFO==> Working on json file: 12232208.json... remaning files: 311
UTILS_INFO==> Working on json file: 11402109.json... remaning files: 310
UTILS_INFO==> Working on json file: 13032323.json... remaning files: 309
UTILS_INFO==> Working on json file: 12332208.json... remaning files: 308
UTILS_INFO==> Working on json file: 11322113.json... remaning files: 307
UTILS_INFO==> Working on json file: 11372111.json... remaning files: 306
UTILS_INFO==> Working on json file: 12302201.json... remaning files: 305
UTILS_INFO==> Working on json file: 12322214.json... remaning files: 304
UTILS_INFO==> Working on json file: 13152330.json... remaning files: 303
UTILS_INFO==> Working on json file: 11232103.json... remaning files: 302
UTILS_INFO==> Working on json file: 12282211.json... remaning files: 301
UTILS_INFO==> Working on json file: 11402116.json... remaning files: 300
UTILS_INFO==> Working on json file: 12212214.json... remaning files: 299
UTILS_INFO==> Working on json file: 11362109.json... remaning files: 298
UTILS_INFO==> Working on json file: 12312201.json... remaning files: 297
UTILS_INFO==> Working on json file: 11282119.json... remaning files: 296
UTILS_INFO==> Working on json file: 13132320.json... remaning files: 295
UTILS_INFO==> Working on json file: 12212215.json... remaning files: 294
UTILS_INFO==> Working on json file: 13082335.json... remaning files: 293
UTILS_INFO==> Working on json file: 12232215.json... remaning files: 292
UTILS_INFO==> Working on json file: 12352201.json... remaning files: 291
UTILS_INFO==> Working on json file: 11352117.json... remaning files: 290
UTILS_INFO==> Working on json file: 13012323.json... remaning files: 289
UTILS_INFO==> Working on json file: 12262212.json... remaning files: 288
UTILS_INFO==> Working on json file: 12352204.json... remaning files: 287
UTILS_INFO==> Working on json file: 11322114.json... remaning files: 286
UTILS_INFO==> Working on json file: 11222120.json... remaning files: 285
UTILS_INFO==> Working on json file: 13132326.json... remaning files: 284
UTILS_INFO==> Working on json file: 12262213.json... remaning files: 283
UTILS_INFO==> Working on json file: 11232113.json... remaning files: 282
UTILS_INFO==> Working on json file: 12362206.json... remaning files: 281
UTILS_INFO==> Working on json file: 12362201.json... remaning files: 280
UTILS_INFO==> Working on json file: 11222108.json... remaning files: 279
UTILS_INFO==> Working on json file: 11282113.json... remaning files: 278
UTILS_INFO==> Working on json file: 11392113.json... remaning files: 277
UTILS_INFO==> Working on json file: 12322202.json... remaning files: 276
UTILS_INFO==> Working on json file: 11252119.json... remaning files: 275
UTILS_INFO==> Working on json file: 11352119.json... remaning files: 274
UTILS_INFO==> Working on json file: 13152320.json... remaning files: 273
UTILS_INFO==> Working on json file: 13012329.json... remaning files: 272
UTILS_INFO==> Working on json file: 11342103.json... remaning files: 271
UTILS_INFO==> Working on json file: 13092337.json... remaning files: 270
UTILS_INFO==> Working on json file: 12282209.json... remaning files: 269
UTILS_INFO==> Working on json file: 11382120.json... remaning files: 268
UTILS_INFO==> Working on json file: 12282207.json... remaning files: 267
UTILS_INFO==> Working on json file: 12232207.json... remaning files: 266
UTILS_INFO==> Working on json file: 12232214.json... remaning files: 265
UTILS_INFO==> Working on json file: 12232206.json... remaning files: 264
UTILS_INFO==> Working on json file: 11362119.json... remaning files: 263
UTILS_INFO==> Working on json file: 12362215.json... remaning files: 262
UTILS_INFO==> Working on json file: 12322211.json... remaning files: 261
UTILS_INFO==> Working on json file: 12222208.json... remaning files: 260
UTILS_INFO==> Working on json file: 12272214.json... remaning files: 259
UTILS_INFO==> Working on json file: 11312114.json... remaning files: 258
UTILS_INFO==> Working on json file: 12222207.json... remaning files: 257
UTILS_INFO==> Working on json file: 12292206.json... remaning files: 256
UTILS_INFO==> Working on json file: 12332202.json... remaning files: 255
UTILS_INFO==> Working on json file: 11312117.json... remaning files: 254
UTILS_INFO==> Working on json file: 11242120.json... remaning files: 253
UTILS_INFO==> Working on json file: 13022326.json... remaning files: 252
UTILS_INFO==> Working on json file: 11232111.json... remaning files: 251
UTILS_INFO==> Working on json file: 13072320.json... remaning files: 250
UTILS_INFO==> Working on json file: 11352101.json... remaning files: 249
UTILS_INFO==> Working on json file: 12262206.json... remaning files: 248
UTILS_INFO==> Working on json file: 11382117.json... remaning files: 247
UTILS_INFO==> Working on json file: 12332205.json... remaning files: 246
UTILS_INFO==> Working on json file: 13012325.json... remaning files: 245
UTILS_INFO==> Working on json file: 11262101.json... remaning files: 244
UTILS_INFO==> Working on json file: 12352206.json... remaning files: 243
UTILS_INFO==> Working on json file: 11342111.json... remaning files: 242
UTILS_INFO==> Working on json file: 13092329.json... remaning files: 241
UTILS_INFO==> Working on json file: 11402102.json... remaning files: 240
UTILS_INFO==> Working on json file: 12242215.json... remaning files: 239
UTILS_INFO==> Working on json file: 13102327.json... remaning files: 238
UTILS_INFO==> Working on json file: 11222114.json... remaning files: 237
UTILS_INFO==> Working on json file: 12212205.json... remaning files: 236
UTILS_INFO==> Working on json file: 11222118.json... remaning files: 235
UTILS_INFO==> Working on json file: 12292202.json... remaning files: 234
UTILS_INFO==> Working on json file: 11252115.json... remaning files: 233
UTILS_INFO==> Working on json file: 12322208.json... remaning files: 232
UTILS_INFO==> Working on json file: 11222113.json... remaning files: 231
UTILS_INFO==> Working on json file: 12292216.json... remaning files: 230
UTILS_INFO==> Working on json file: 11222111.json... remaning files: 229
UTILS_INFO==> Working on json file: 12242205.json... remaning files: 228
UTILS_INFO==> Working on json file: 11382118.json... remaning files: 227
UTILS_INFO==> Working on json file: 12312205.json... remaning files: 226
UTILS_INFO==> Working on json file: 11342106.json... remaning files: 225
UTILS_INFO==> Working on json file: 11312118.json... remaning files: 224
UTILS_INFO==> Working on json file: 13072329.json... remaning files: 223
UTILS_INFO==> Working on json file: 12302204.json... remaning files: 222
UTILS_INFO==> Working on json file: 12332216.json... remaning files: 221
UTILS_INFO==> Working on json file: 11312109.json... remaning files: 220
UTILS_INFO==> Working on json file: 13032328.json... remaning files: 219
UTILS_INFO==> Working on json file: 11262117.json... remaning files: 218
UTILS_INFO==> Working on json file: 11362111.json... remaning files: 217
UTILS_INFO==> Working on json file: 11252112.json... remaning files: 216
UTILS_INFO==> Working on json file: 12352209.json... remaning files: 215
UTILS_INFO==> Working on json file: 11362106.json... remaning files: 214
UTILS_INFO==> Working on json file: 11342112.json... remaning files: 213
UTILS_INFO==> Working on json file: 13092326.json... remaning files: 212
UTILS_INFO==> Working on json file: 12302213.json... remaning files: 211
UTILS_INFO==> Working on json file: 13072337.json... remaning files: 210
UTILS_INFO==> Working on json file: 11402113.json... remaning files: 209
UTILS_INFO==> Working on json file: 11262102.json... remaning files: 208
UTILS_INFO==> Working on json file: 11392112.json... remaning files: 207
UTILS_INFO==> Working on json file: 13042327.json... remaning files: 206
UTILS_INFO==> Working on json file: 11402108.json... remaning files: 205
UTILS_INFO==> Working on json file: 11392115.json... remaning files: 204
UTILS_INFO==> Working on json file: 11212113.json... remaning files: 203
UTILS_INFO==> Working on json file: 13042320.json... remaning files: 202
UTILS_INFO==> Working on json file: 13122329.json... remaning files: 201
UTILS_INFO==> Working on json file: 11282116.json... remaning files: 200
UTILS_INFO==> Working on json file: 13152326.json... remaning files: 199
UTILS_INFO==> Working on json file: 11262108.json... remaning files: 198
UTILS_INFO==> Working on json file: 11252103.json... remaning files: 197
UTILS_INFO==> Working on json file: 11392101.json... remaning files: 196
UTILS_INFO==> Working on json file: 12312204.json... remaning files: 195
UTILS_INFO==> Working on json file: 11352120.json... remaning files: 194
UTILS_INFO==> Working on json file: 11242111.json... remaning files: 193
UTILS_INFO==> Working on json file: 13142324.json... remaning files: 192
UTILS_INFO==> Working on json file: 11262111.json... remaning files: 191
UTILS_INFO==> Working on json file: 11392114.json... remaning files: 190
UTILS_INFO==> Working on json file: 13112320.json... remaning files: 189
UTILS_INFO==> Working on json file: 11392109.json... remaning files: 188
UTILS_INFO==> Working on json file: 13052329.json... remaning files: 187
UTILS_INFO==> Working on json file: 12292212.json... remaning files: 186
UTILS_INFO==> Working on json file: 12262215.json... remaning files: 185
UTILS_INFO==> Working on json file: 12232201.json... remaning files: 184
UTILS_INFO==> Working on json file: 12262202.json... remaning files: 183
UTILS_INFO==> Working on json file: 11392120.json... remaning files: 182
UTILS_INFO==> Working on json file: 11372115.json... remaning files: 181
UTILS_INFO==> Working on json file: 12262209.json... remaning files: 180
UTILS_INFO==> Working on json file: 12322205.json... remaning files: 179
UTILS_INFO==> Working on json file: 11362117.json... remaning files: 178
UTILS_INFO==> Working on json file: 13122330.json... remaning files: 177
UTILS_INFO==> Working on json file: 12292214.json... remaning files: 176
UTILS_INFO==> Working on json file: 13012330.json... remaning files: 175
UTILS_INFO==> Working on json file: 12272209.json... remaning files: 174
UTILS_INFO==> Working on json file: 12372211.json... remaning files: 173
UTILS_INFO==> Working on json file: 13052320.json... remaning files: 172
UTILS_INFO==> Working on json file: 13152325.json... remaning files: 171
UTILS_INFO==> Working on json file: 11352115.json... remaning files: 170
UTILS_INFO==> Working on json file: 13032329.json... remaning files: 169
UTILS_INFO==> Working on json file: 12312202.json... remaning files: 168
UTILS_INFO==> Working on json file: 12372206.json... remaning files: 167
UTILS_INFO==> Working on json file: 12272207.json... remaning files: 166
UTILS_INFO==> Working on json file: 13132322.json... remaning files: 165
UTILS_INFO==> Working on json file: 12372208.json... remaning files: 164
UTILS_INFO==> Working on json file: 11282111.json... remaning files: 163
UTILS_INFO==> Working on json file: 12242201.json... remaning files: 162
UTILS_INFO==> Working on json file: 13072330.json... remaning files: 161
UTILS_INFO==> Working on json file: 13092328.json... remaning files: 160
UTILS_INFO==> Working on json file: 13052328.json... remaning files: 159
UTILS_INFO==> Working on json file: 11342109.json... remaning files: 158
UTILS_INFO==> Working on json file: 11212119.json... remaning files: 157
UTILS_INFO==> Working on json file: 13082328.json... remaning files: 156
UTILS_INFO==> Working on json file: 11262118.json... remaning files: 155
UTILS_INFO==> Working on json file: 12332204.json... remaning files: 154
UTILS_INFO==> Working on json file: 11392117.json... remaning files: 153
UTILS_INFO==> Working on json file: 11212106.json... remaning files: 152
UTILS_INFO==> Working on json file: 11372112.json... remaning files: 151
UTILS_INFO==> Working on json file: 12352205.json... remaning files: 150
UTILS_INFO==> Working on json file: 13062329.json... remaning files: 149
UTILS_INFO==> Working on json file: 13072331.json... remaning files: 148
UTILS_INFO==> Working on json file: 11382109.json... remaning files: 147
UTILS_INFO==> Working on json file: 12302211.json... remaning files: 146
UTILS_INFO==> Working on json file: 11262115.json... remaning files: 145
UTILS_INFO==> Working on json file: 11282101.json... remaning files: 144
UTILS_INFO==> Working on json file: 13042328.json... remaning files: 143
UTILS_INFO==> Working on json file: 12272204.json... remaning files: 142
UTILS_INFO==> Working on json file: 11282114.json... remaning files: 141
UTILS_INFO==> Working on json file: 12362214.json... remaning files: 140
UTILS_INFO==> Working on json file: 11372116.json... remaning files: 139
UTILS_INFO==> Working on json file: 11382102.json... remaning files: 138
UTILS_INFO==> Working on json file: 11312101.json... remaning files: 137
UTILS_INFO==> Working on json file: 13052327.json... remaning files: 136
UTILS_INFO==> Working on json file: 13132329.json... remaning files: 135
UTILS_INFO==> Working on json file: 11352112.json... remaning files: 134
UTILS_INFO==> Working on json file: 11352113.json... remaning files: 133
UTILS_INFO==> Working on json file: 12272202.json... remaning files: 132
UTILS_INFO==> Working on json file: 11322109.json... remaning files: 131
UTILS_INFO==> Working on json file: 12312215.json... remaning files: 130
UTILS_INFO==> Working on json file: 13122328.json... remaning files: 129
UTILS_INFO==> Working on json file: 11402118.json... remaning files: 128
UTILS_INFO==> Working on json file: 13152331.json... remaning files: 127
UTILS_INFO==> Working on json file: 11222106.json... remaning files: 126
UTILS_INFO==> Working on json file: 13142336.json... remaning files: 125
UTILS_INFO==> Working on json file: 13152337.json... remaning files: 124
UTILS_INFO==> Working on json file: 11362108.json... remaning files: 123
UTILS_INFO==> Working on json file: 13142329.json... remaning files: 122
UTILS_INFO==> Working on json file: 11342115.json... remaning files: 121
UTILS_INFO==> Working on json file: 13132327.json... remaning files: 120
UTILS_INFO==> Working on json file: 11252116.json... remaning files: 119
UTILS_INFO==> Working on json file: 12272210.json... remaning files: 118
UTILS_INFO==> Working on json file: 11382116.json... remaning files: 117
UTILS_INFO==> Working on json file: 12262210.json... remaning files: 116
UTILS_INFO==> Working on json file: 11262116.json... remaning files: 115
UTILS_INFO==> Working on json file: 11342102.json... remaning files: 114
UTILS_INFO==> Working on json file: 12212207.json... remaning files: 113
UTILS_INFO==> Working on json file: 12272213.json... remaning files: 112
UTILS_INFO==> Working on json file: 12222213.json... remaning files: 111
UTILS_INFO==> Working on json file: 11342113.json... remaning files: 110
UTILS_INFO==> Working on json file: 12232202.json... remaning files: 109
UTILS_INFO==> Working on json file: 11212120.json... remaning files: 108
UTILS_INFO==> Working on json file: 11322108.json... remaning files: 107
UTILS_INFO==> Working on json file: 11372108.json... remaning files: 106
UTILS_INFO==> Working on json file: 12292207.json... remaning files: 105
UTILS_INFO==> Working on json file: 12272208.json... remaning files: 104
UTILS_INFO==> Working on json file: 12222202.json... remaning files: 103
UTILS_INFO==> Working on json file: 11382119.json... remaning files: 102
UTILS_INFO==> Working on json file: 11222117.json... remaning files: 101
UTILS_INFO==> Working on json file: 13052323.json... remaning files: 100
UTILS_INFO==> Working on json file: 12222205.json... remaning files: 99
UTILS_INFO==> Working on json file: 13152324.json... remaning files: 98
UTILS_INFO==> Working on json file: 11402112.json... remaning files: 97
UTILS_INFO==> Working on json file: 12362212.json... remaning files: 96
UTILS_INFO==> Working on json file: 13032324.json... remaning files: 95
UTILS_INFO==> Working on json file: 12322204.json... remaning files: 94
UTILS_INFO==> Working on json file: 13102337.json... remaning files: 93
UTILS_INFO==> Working on json file: 13052331.json... remaning files: 92
UTILS_INFO==> Working on json file: 12312209.json... remaning files: 91
UTILS_INFO==> Working on json file: 12242211.json... remaning files: 90
UTILS_INFO==> Working on json file: 12312216.json... remaning files: 89
UTILS_INFO==> Working on json file: 11382106.json... remaning files: 88
UTILS_INFO==> Working on json file: 11382113.json... remaning files: 87
UTILS_INFO==> Working on json file: 11282118.json... remaning files: 86
UTILS_INFO==> Working on json file: 11322101.json... remaning files: 85
UTILS_INFO==> Working on json file: 13092323.json... remaning files: 84
UTILS_INFO==> Working on json file: 12292211.json... remaning files: 83
UTILS_INFO==> Working on json file: 11262109.json... remaning files: 82
UTILS_INFO==> Working on json file: 12302208.json... remaning files: 81
UTILS_INFO==> Working on json file: 13102326.json... remaning files: 80
UTILS_INFO==> Working on json file: 13032337.json... remaning files: 79
UTILS_INFO==> Working on json file: 13022329.json... remaning files: 78
UTILS_INFO==> Working on json file: 13082323.json... remaning files: 77
UTILS_INFO==> Working on json file: 13122320.json... remaning files: 76
UTILS_INFO==> Working on json file: 11232112.json... remaning files: 75
UTILS_INFO==> Working on json file: 11212102.json... remaning files: 74
UTILS_INFO==> Working on json file: 11252113.json... remaning files: 73
UTILS_INFO==> Working on json file: 12322209.json... remaning files: 72
UTILS_INFO==> Working on json file: 12302206.json... remaning files: 71
UTILS_INFO==> Working on json file: 13092327.json... remaning files: 70
UTILS_INFO==> Working on json file: 12272212.json... remaning files: 69
UTILS_INFO==> Working on json file: 11222119.json... remaning files: 68
UTILS_INFO==> Working on json file: 13112321.json... remaning files: 67
UTILS_INFO==> Working on json file: 12232216.json... remaning files: 66
UTILS_INFO==> Working on json file: 12222214.json... remaning files: 65
UTILS_INFO==> Working on json file: 13052321.json... remaning files: 64
UTILS_INFO==> Working on json file: 13102336.json... remaning files: 63
UTILS_INFO==> Working on json file: 13132325.json... remaning files: 62
UTILS_INFO==> Working on json file: 13012336.json... remaning files: 61
UTILS_INFO==> Working on json file: 11242114.json... remaning files: 60
UTILS_INFO==> Working on json file: 12262205.json... remaning files: 59
UTILS_INFO==> Working on json file: 12272201.json... remaning files: 58
UTILS_INFO==> Working on json file: 11212111.json... remaning files: 57
UTILS_INFO==> Working on json file: 11342116.json... remaning files: 56
UTILS_INFO==> Working on json file: 13132328.json... remaning files: 55
UTILS_INFO==> Working on json file: 13152328.json... remaning files: 54
UTILS_INFO==> Working on json file: 11262119.json... remaning files: 53
UTILS_INFO==> Working on json file: 11242115.json... remaning files: 52
UTILS_INFO==> Working on json file: 11322103.json... remaning files: 51
UTILS_INFO==> Working on json file: 11382112.json... remaning files: 50
UTILS_INFO==> Working on json file: 12322201.json... remaning files: 49
UTILS_INFO==> Working on json file: 11372103.json... remaning files: 48
UTILS_INFO==> Working on json file: 13082321.json... remaning files: 47
UTILS_INFO==> Working on json file: 12352202.json... remaning files: 46
UTILS_INFO==> Working on json file: 13042321.json... remaning files: 45
UTILS_INFO==> Working on json file: 12352214.json... remaning files: 44
UTILS_INFO==> Working on json file: 12282212.json... remaning files: 43
UTILS_INFO==> Working on json file: 12312206.json... remaning files: 42
UTILS_INFO==> Working on json file: 11222101.json... remaning files: 41
UTILS_INFO==> Working on json file: 13092324.json... remaning files: 40
UTILS_INFO==> Working on json file: 12262216.json... remaning files: 39
UTILS_INFO==> Working on json file: 11212101.json... remaning files: 38
UTILS_INFO==> Working on json file: 13102329.json... remaning files: 37
UTILS_INFO==> Working on json file: 13122326.json... remaning files: 36
UTILS_INFO==> Working on json file: 12332206.json... remaning files: 35
UTILS_INFO==> Working on json file: 12302202.json... remaning files: 34
UTILS_INFO==> Working on json file: 12262214.json... remaning files: 33
UTILS_INFO==> Working on json file: 11212116.json... remaning files: 32
UTILS_INFO==> Working on json file: 12262201.json... remaning files: 31
UTILS_INFO==> Working on json file: 11242119.json... remaning files: 30
UTILS_INFO==> Working on json file: 13132336.json... remaning files: 29
UTILS_INFO==> Working on json file: 11382103.json... remaning files: 28
UTILS_INFO==> Working on json file: 13012328.json... remaning files: 27
UTILS_INFO==> Working on json file: 12292205.json... remaning files: 26
UTILS_INFO==> Working on json file: 12362216.json... remaning files: 25
UTILS_INFO==> Working on json file: 13122324.json... remaning files: 24
UTILS_INFO==> Working on json file: 11392102.json... remaning files: 23
UTILS_INFO==> Working on json file: 11362101.json... remaning files: 22
UTILS_INFO==> Working on json file: 12212201.json... remaning files: 21
UTILS_INFO==> Working on json file: 12232210.json... remaning files: 20
UTILS_INFO==> Working on json file: 13032320.json... remaning files: 19
UTILS_INFO==> Working on json file: 11242108.json... remaning files: 18
UTILS_INFO==> Working on json file: 12212204.json... remaning files: 17
UTILS_INFO==> Working on json file: 11382114.json... remaning files: 16
UTILS_INFO==> Working on json file: 11382101.json... remaning files: 15
UTILS_INFO==> Working on json file: 12242207.json... remaning files: 14
UTILS_INFO==> Working on json file: 13062320.json... remaning files: 13
UTILS_INFO==> Working on json file: 11282115.json... remaning files: 12
UTILS_INFO==> Working on json file: 11312116.json... remaning files: 11
UTILS_INFO==> Working on json file: 12372207.json... remaning files: 10
UTILS_INFO==> Working on json file: 11392119.json... remaning files: 9
UTILS_INFO==> Working on json file: 11322115.json... remaning files: 8
UTILS_INFO==> Working on json file: 12302214.json... remaning files: 7
UTILS_INFO==> Working on json file: 11352116.json... remaning files: 6
UTILS_INFO==> Working on json file: 12362205.json... remaning files: 5
UTILS_INFO==> Working on json file: 12372202.json... remaning files: 4
UTILS_INFO==> Working on json file: 12212211.json... remaning files: 3
UTILS_INFO==> Working on json file: 11242102.json... remaning files: 2
UTILS_INFO==> Working on json file: 13072328.json... remaning files: 1
UTILS_INFO==> Dataset was save to: video_feauters.04_12_2021__23_16_42.csv
UTILS_INFO==> Check log file: synchrony_features.04_12_2021__23_16_42.log
UTILS_INFO==> Elapsed time for all dates: 0:19:14.911428
